#
# There is insufficient memory for the Java Runtime Environment to continue.
# Native memory allocation (mmap) failed to map 65536 bytes. Error detail: Failed to commit metaspace.
# Possible reasons:
#   The system is out of physical RAM or swap space
#   This process is running with CompressedOops enabled, and the Java Heap may be blocking the growth of the native heap
# Possible solutions:
#   Reduce memory load on the system
#   Increase physical memory or swap space
#   Check if swap backing store is full
#   Decrease Java heap size (-Xmx/-Xms)
#   Decrease number of Java threads
#   Decrease Java thread stack sizes (-Xss)
#   Set larger code cache with -XX:ReservedCodeCacheSize=
#   JVM is running with Unscaled Compressed Oops mode in which the Java heap is
#     placed in the first 4GB address space. The Java Heap base address is the
#     maximum limit for the native heap growth. Please use -XX:HeapBaseMinAddress
#     to set the Java Heap base and to place the Java Heap above 4GB virtual address.
# This output file may be truncated or incomplete.
#
#  Out of Memory Error (virtualSpaceNode.cpp:110), pid=21424, tid=25684
#
# JRE version: OpenJDK Runtime Environment Temurin-17.0.12+7 (17.0.12+7) (build 17.0.12+7)
# Java VM: OpenJDK 64-Bit Server VM Temurin-17.0.12+7 (17.0.12+7, mixed mode, tiered, compressed oops, compressed class ptrs, parallel gc, windows-amd64)
# No core dump will be written. Minidumps are not enabled by default on client versions of Windows
#

---------------  S U M M A R Y ------------

Command Line: --add-modules=ALL-SYSTEM --add-opens=java.base/java.util=ALL-UNNAMED --add-opens=java.base/java.lang=ALL-UNNAMED --add-opens=java.base/sun.nio.fs=ALL-UNNAMED -Declipse.application=org.eclipse.jdt.ls.core.id1 -Dosgi.bundles.defaultStartLevel=4 -Declipse.product=org.eclipse.jdt.ls.core.product -Djava.import.generatesMetadataFilesAtProjectRoot=false -DDetectVMInstallationsJob.disabled=true -Dfile.encoding=utf8 -XX:+UseParallelGC -XX:GCTimeRatio=4 -XX:AdaptiveSizePolicyWeight=90 -Dsun.zip.disableMemoryMapping=true -Xmx1G -Xms100m -Xlog:disable -javaagent:c:\Users\ACER NITRO\.vscode\extensions\redhat.java-1.34.0-win32-x64\lombok\lombok-1.18.33.jar -XX:+HeapDumpOnOutOfMemoryError -XX:HeapDumpPath=c:\Users\ACER NITRO\AppData\Roaming\Code\User\workspaceStorage\b109c0892e657aa4ac4fe18f0a49baf4\redhat.java -Daether.dependencyCollector.impl=bf c:\Users\ACER NITRO\.vscode\extensions\redhat.java-1.34.0-win32-x64\server\plugins\org.eclipse.equinox.launcher_1.6.900.v20240613-2009.jar -configuration c:\Users\ACER NITRO\AppData\Roaming\Code\User\globalStorage\redhat.java\1.34.0\config_win -data c:\Users\ACER NITRO\AppData\Roaming\Code\User\workspaceStorage\b109c0892e657aa4ac4fe18f0a49baf4\redhat.java\jdt_ws --pipe=\\.\pipe\lsp-7767a0e7104311a038794c058b8375ac-sock

Host: 12th Gen Intel(R) Core(TM) i5-12500H, 16 cores, 15G,  Windows 11 , 64 bit Build 22621 (10.0.22621.3958)
Time: Wed Sep 18 23:07:21 2024 Malay Peninsula Standard Time elapsed time: 1.969231 seconds (0d 0h 0m 1s)

---------------  T H R E A D  ---------------

Current thread (0x00000143a1ca15a0):  JavaThread "Start Level: Equinox Container: a4dfd8ac-7a35-4ffc-91cd-b311dea766db" daemon [_thread_in_vm, id=25684, stack(0x00000013a0b00000,0x00000013a0c00000)]

Stack: [0x00000013a0b00000,0x00000013a0c00000]
Native frames: (J=compiled Java code, j=interpreted, Vv=VM code, C=native code)
V  [jvm.dll+0x67f929]
V  [jvm.dll+0x8371ba]
V  [jvm.dll+0x838c7e]
V  [jvm.dll+0x8392e3]
V  [jvm.dll+0x24834f]
V  [jvm.dll+0x832e6d]
V  [jvm.dll+0x623e9e]
V  [jvm.dll+0x623f0a]
V  [jvm.dll+0x626724]
V  [jvm.dll+0x624846]
V  [jvm.dll+0x245bec]
V  [jvm.dll+0x6d5dad]
V  [jvm.dll+0x6d67ef]
V  [jvm.dll+0x374364]
V  [jvm.dll+0x3733e4]
V  [jvm.dll+0x373388]
V  [jvm.dll+0x564b2f]
V  [jvm.dll+0x564bd8]
V  [jvm.dll+0x38700b]
V  [jvm.dll+0x386ac2]
C  0x000001438fbe86ff

The last pc belongs to getstatic (printed below).
Java frames: (J=compiled Java code, j=interpreted, Vv=VM code)
j  java.time.LocalTime.get0(Ljava/time/temporal/TemporalField;)I+0 java.base@17.0.12
j  java.time.LocalTime.get(Ljava/time/temporal/TemporalField;)I+9 java.base@17.0.12
j  java.time.LocalDateTime.get(Ljava/time/temporal/TemporalField;)I+24 java.base@17.0.12
j  java.time.ZonedDateTime.get(Ljava/time/temporal/TemporalField;)I+72 java.base@17.0.12
j  java.util.Formatter$FormatSpecifier.print(Ljava/lang/StringBuilder;Ljava/time/temporal/TemporalAccessor;CLjava/util/Locale;)Ljava/lang/Appendable;+363 java.base@17.0.12
j  java.util.Formatter$FormatSpecifier.print(Ljava/time/temporal/TemporalAccessor;CLjava/util/Locale;)V+15 java.base@17.0.12
j  java.util.Formatter$FormatSpecifier.printDateTime(Ljava/lang/Object;Ljava/util/Locale;)V+126 java.base@17.0.12
j  java.util.Formatter$FormatSpecifier.print(Ljava/lang/Object;Ljava/util/Locale;)V+10 java.base@17.0.12
j  java.util.Formatter.format(Ljava/util/Locale;Ljava/lang/String;[Ljava/lang/Object;)Ljava/util/Formatter;+259 java.base@17.0.12
j  java.util.Formatter.format(Ljava/lang/String;[Ljava/lang/Object;)Ljava/util/Formatter;+7 java.base@17.0.12
j  java.lang.String.format(Ljava/lang/String;[Ljava/lang/Object;)Ljava/lang/String;+9 java.base@17.0.12
j  java.util.logging.SimpleFormatter.format(Ljava/util/logging/LogRecord;)Ljava/lang/String;+157 java.logging@17.0.12
j  java.util.logging.StreamHandler.publish(Ljava/util/logging/LogRecord;)V+14 java.logging@17.0.12
j  java.util.logging.ConsoleHandler.publish(Ljava/util/logging/LogRecord;)V+2 java.logging@17.0.12
j  java.util.logging.Logger.log(Ljava/util/logging/LogRecord;)V+90 java.logging@17.0.12
j  java.util.logging.Logger.doLog(Ljava/util/logging/LogRecord;)V+46 java.logging@17.0.12
j  java.util.logging.Logger.log(Ljava/util/logging/Level;Ljava/lang/String;Ljava/lang/Throwable;)V+29 java.logging@17.0.12
j  org.apache.aries.spifly.BaseActivator.log(Ljava/util/logging/Level;Ljava/lang/String;Ljava/lang/Throwable;)V+16
j  org.apache.aries.spifly.BaseActivator.log(Ljava/util/logging/Level;Ljava/lang/String;)V+4
j  org.apache.aries.spifly.ProviderBundleTrackerCustomizer.log(Ljava/util/logging/Level;Ljava/lang/String;)V+6
j  org.apache.aries.spifly.ProviderBundleTrackerCustomizer.addingBundle(Lorg/osgi/framework/Bundle;Lorg/osgi/framework/BundleEvent;)Ljava/util/List;+829
j  org.apache.aries.spifly.ProviderBundleTrackerCustomizer.addingBundle(Lorg/osgi/framework/Bundle;Lorg/osgi/framework/BundleEvent;)Ljava/lang/Object;+3
j  org.osgi.util.tracker.BundleTracker$Tracked.customizerAdding(Lorg/osgi/framework/Bundle;Lorg/osgi/framework/BundleEvent;)Ljava/lang/Object;+9
j  org.osgi.util.tracker.BundleTracker$Tracked.customizerAdding(Ljava/lang/Object;Ljava/lang/Object;)Ljava/lang/Object;+9
j  org.osgi.util.tracker.AbstractTracked.trackAdding(Ljava/lang/Object;Ljava/lang/Object;)V+8
j  org.osgi.util.tracker.AbstractTracked.trackInitial()V+90
j  org.osgi.util.tracker.BundleTracker.open()V+130
j  org.apache.aries.spifly.BaseActivator.start(Lorg/osgi/framework/BundleContext;Ljava/lang/String;)V+105
j  org.apache.aries.spifly.dynamic.DynamicWeavingActivator.start(Lorg/osgi/framework/BundleContext;)V+31
j  org.eclipse.osgi.internal.framework.BundleContextImpl$2.run()Ljava/lang/Void;+23
j  org.eclipse.osgi.internal.framework.BundleContextImpl$2.run()Ljava/lang/Object;+1
J 942 c1 java.security.AccessController.executePrivileged(Ljava/security/PrivilegedExceptionAction;Ljava/security/AccessControlContext;Ljava/lang/Class;)Ljava/lang/Object; java.base@17.0.12 (65 bytes) @ 0x000001438891ea34 [0x000001438891e8e0+0x0000000000000154]
j  java.security.AccessController.doPrivileged(Ljava/security/PrivilegedExceptionAction;)Ljava/lang/Object;+9 java.base@17.0.12
j  org.eclipse.osgi.internal.framework.BundleContextImpl.startActivator(Lorg/osgi/framework/BundleActivator;)V+9
j  org.eclipse.osgi.internal.framework.BundleContextImpl.start()V+134
j  org.eclipse.osgi.internal.framework.EquinoxBundle.startWorker0()V+35
j  org.eclipse.osgi.internal.framework.EquinoxBundle$EquinoxModule.startWorker()V+4
j  org.eclipse.osgi.container.Module.doStart([Lorg/eclipse/osgi/container/Module$StartOptions;)Lorg/eclipse/osgi/container/ModuleContainerAdaptor$ModuleEvent;+190
j  org.eclipse.osgi.container.Module.start([Lorg/eclipse/osgi/container/Module$StartOptions;)V+460
j  org.eclipse.osgi.container.ModuleContainer$ContainerStartLevel$2.run()V+71
j  org.eclipse.osgi.internal.framework.EquinoxContainerAdaptor$1$1.execute(Ljava/lang/Runnable;)V+1
j  org.eclipse.osgi.container.ModuleContainer$ContainerStartLevel.incStartLevel(ILjava/util/List;Z)V+193
j  org.eclipse.osgi.container.ModuleContainer$ContainerStartLevel.incStartLevel(ILjava/util/List;Ljava/util/List;Ljava/util/List;Ljava/util/List;)V+19
j  org.eclipse.osgi.container.ModuleContainer$ContainerStartLevel.doContainerStartLevel(Lorg/eclipse/osgi/container/Module;I[Lorg/osgi/framework/FrameworkListener;)V+349
j  org.eclipse.osgi.container.ModuleContainer$ContainerStartLevel.dispatchEvent(Lorg/eclipse/osgi/container/Module;[Lorg/osgi/framework/FrameworkListener;ILjava/lang/Integer;)V+32
j  org.eclipse.osgi.container.ModuleContainer$ContainerStartLevel.dispatchEvent(Ljava/lang/Object;Ljava/lang/Object;ILjava/lang/Object;)V+15
j  org.eclipse.osgi.framework.eventmgr.EventManager.dispatchEvent(Ljava/util/Set;Lorg/eclipse/osgi/framework/eventmgr/EventDispatcher;ILjava/lang/Object;)V+48
j  org.eclipse.osgi.framework.eventmgr.EventManager$EventThread.run()V+26
v  ~StubRoutines::call_stub
getstatic  178 getstatic  [0x000001438fbe8660, 0x000001438fbe8860]  512 bytes
[MachCode]
  0x000001438fbe8660: 4883 ec08 | c5fa 1104 | 24eb 1f48 | 83ec 10c5 | fb11 0424 | eb14 4883 | ec10 4889 | 0424 48c7 
  0x000001438fbe8680: 4424 0800 | 0000 00eb | 0150 410f | b755 0148 | 8b4d d0c1 | e202 8b5c | d120 c1eb | 1081 e3ff 
  0x000001438fbe86a0: 0000 0081 | fbb2 0000 | 000f 84b6 | 0000 00bb | b200 0000 | e805 0000 | 00e9 9b00 | 0000 488b 
  0x000001438fbe86c0: d348 8d44 | 2408 4c89 | 6dc0 498b | cfc5 f877 | 4989 afa8 | 0200 0049 | 8987 9802 | 0000 4883 
  0x000001438fbe86e0: ec20 f7c4 | 0f00 0000 | 0f84 1a00 | 0000 4883 | ec08 49ba | 606a f09f | f97f 0000 | 41ff d248 
  0x000001438fbe8700: 83c4 08e9 | 0d00 0000 | 49ba 606a | f09f f97f | 0000 41ff | d248 83c4 | 2049 c787 | 9802 0000 
  0x000001438fbe8720: 0000 0000 | 49c7 87a8 | 0200 0000 | 0000 0049 | c787 a002 | 0000 0000 | 0000 c5f8 | 7749 817f 
  0x000001438fbe8740: 0800 0000 | 000f 8405 | 0000 00e9 | b087 feff | 4c8b 6dc0 | 4c8b 75c8 | c341 0fb7 | 5501 488b 
  0x000001438fbe8760: 4dd0 c1e2 | 0248 8b5c | d130 8b44 | d138 4c8b | 4cd1 284d | 8b49 704d | 8b09 c1e8 | 1c83 e00f 
  0x000001438fbe8780: 0f85 0b00 | 0000 410f | be04 1950 | e9b1 0000 | 0083 f801 | 0f85 0b00 | 0000 410f | b604 1950 
  0x000001438fbe87a0: e99d 0000 | 0083 f808 | 0f85 0a00 | 0000 418b | 0419 50e9 | 8a00 0000 | 83f8 040f | 850a 0000 
  0x000001438fbe87c0: 0041 8b04 | 1950 e977 | 0000 0083 | f802 0f85 | 0b00 0000 | 410f b704 | 1950 e963 | 0000 0083 
  0x000001438fbe87e0: f803 0f85 | 0b00 0000 | 410f bf04 | 1950 e94f | 0000 0083 | f805 0f85 | 1a00 0000 | 498b 0419 
  0x000001438fbe8800: 4883 ec10 | 4889 0424 | 48c7 4424 | 0800 0000 | 00e9 2c00 | 0000 83f8 | 060f 8514 | 0000 00c4 
  0x000001438fbe8820: c17a 1004 | 1948 83ec | 08c5 fa11 | 0424 e90f | 0000 00c4 | c17b 1004 | 1948 83ec | 10c5 fb11 
  0x000001438fbe8840: 0424 410f | b65d 0349 | 83c5 0349 | ba90 2a73 | a0f9 7f00 | 0041 ff24 | da0f 1f80 | 0000 0000 
[/MachCode]

Compiled method (c1)    2003  942       3       java.security.AccessController::executePrivileged (65 bytes)
 total in heap  [0x000001438891e710,0x000001438891ecf8] = 1512
 relocation     [0x000001438891e868,0x000001438891e8c8] = 96
 main code      [0x000001438891e8e0,0x000001438891eb80] = 672
 stub code      [0x000001438891eb80,0x000001438891ebd8] = 88
 metadata       [0x000001438891ebd8,0x000001438891ebe8] = 16
 scopes data    [0x000001438891ebe8,0x000001438891ec60] = 120
 scopes pcs     [0x000001438891ec60,0x000001438891ece0] = 128
 dependencies   [0x000001438891ece0,0x000001438891ece8] = 8
 nul chk table  [0x000001438891ece8,0x000001438891ecf8] = 16

[Constant Pool (empty)]

[MachCode]
[Verified Entry Point]
  # {method} {0x000001439b030fe0} 'executePrivileged' '(Ljava/security/PrivilegedExceptionAction;Ljava/security/AccessControlContext;Ljava/lang/Class;)Ljava/lang/Object;' in 'java/security/AccessController'
  # parm0:    rdx:rdx   = 'java/security/PrivilegedExceptionAction'
  # parm1:    r8:r8     = 'java/security/AccessControlContext'
  # parm2:    r9:r9     = 'java/lang/Class'
  #           [sp+0x50]  (sp of caller)
  0x000001438891e8e0: 8984 2400 | 90ff ff55 | 4883 ec40 | 4c89 4424 

  0x000001438891e8f0: ;   {metadata(method data for {method} {0x000001439b030fe0} 'executePrivileged' '(Ljava/security/PrivilegedExceptionAction;Ljava/security/AccessControlContext;Ljava/lang/Class;)Ljava/lang/Object;' in 'java/security/AccessController')}
  0x000001438891e8f0: 3048 be08 | d99b 9b43 | 0100 008b | becc 0000 | 0083 c702 | 89be cc00 | 0000 81e7 | fe07 0000 
  0x000001438891e910: 83ff 000f | 84b7 0100 | 0049 83f8 

  0x000001438891e91c: ;   {metadata(method data for {method} {0x000001439b030fe0} 'executePrivileged' '(Ljava/security/PrivilegedExceptionAction;Ljava/security/AccessControlContext;Ljava/lang/Class;)Ljava/lang/Object;' in 'java/security/AccessController')}
  0x000001438891e91c: 0048 be08 | d99b 9b43 | 0100 0048 | bf10 0100 | 0000 0000 | 000f 840a | 0000 0048 | bf20 0100 
  0x000001438891e93c: 0000 0000 | 0048 8b1c | 3e48 8d5b | 0148 891c | 3e4c 894c | 2428 4889 | 5424 200f | 841f 0000 
  0x000001438891e95c: ;   {metadata(method data for {method} {0x000001439b030fe0} 'executePrivileged' '(Ljava/security/PrivilegedExceptionAction;Ljava/security/AccessControlContext;Ljava/lang/Class;)Ljava/lang/Object;' in 'java/security/AccessController')}
  0x000001438891e95c: 0048 be08 | d99b 9b43 | 0100 0048 | 8386 3001 | 0000 0149 | 8bd0 0f1f 

  0x000001438891e974: ;   {static_call}
  0x000001438891e974: 4400 00e8 

  0x000001438891e978: ; ImmutableOopMap {[32]=Oop [40]=Oop [48]=Oop }
                      ;*invokestatic ensureMaterializedForStackWalk {reexecute=0 rethrow=0 return_oop=0}
                      ; - java.security.AccessController::executePrivileged@5
  0x000001438891e978: 3c61 a907 

  0x000001438891e97c: ;   {metadata(method data for {method} {0x000001439b030fe0} 'executePrivileged' '(Ljava/security/PrivilegedExceptionAction;Ljava/security/AccessControlContext;Ljava/lang/Class;)Ljava/lang/Object;' in 'java/security/AccessController')}
  0x000001438891e97c: 48ba 08d9 | 9b9b 4301 | 0000 ff82 | 4001 0000 | 488b 5424 | 2048 3b02 

  0x000001438891e994: ;   {metadata(method data for {method} {0x000001439b030fe0} 'executePrivileged' '(Ljava/security/PrivilegedExceptionAction;Ljava/security/AccessControlContext;Ljava/lang/Class;)Ljava/lang/Object;' in 'java/security/AccessController')}
  0x000001438891e994: 488b f248 | bf08 d99b | 9b43 0100 | 008b 7608 | 48c1 e603 | 483b b7b0 | 0100 0075 | 0d48 8387 
  0x000001438891e9b4: b801 0000 | 01e9 6600 | 0000 483b | b7c0 0100 | 0075 0d48 | 8387 c801 | 0000 01e9 | 5000 0000 
  0x000001438891e9d4: 4881 bfb0 | 0100 0000 | 0000 0075 | 1748 89b7 | b001 0000 | 48c7 87b8 | 0100 0001 | 0000 00e9 
  0x000001438891e9f4: 2c00 0000 | 4881 bfc0 | 0100 0000 | 0000 0075 | 1748 89b7 | c001 0000 | 48c7 87c8 | 0100 0001 
  0x000001438891ea14: 0000 00e9 | 0800 0000 | 4883 87a0 | 0100 0001 | 9048 b800 | fbb8 a143 

  0x000001438891ea2c: ;   {virtual_call}
  0x000001438891ea2c: 0100 00e8 

  0x000001438891ea30: ; ImmutableOopMap {[40]=Oop [48]=Oop }
                      ;*invokeinterface run {reexecute=0 rethrow=0 return_oop=0}
                      ; - java.security.AccessController::executePrivileged@29
  0x000001438891ea30: 541a 3b07 

  0x000001438891ea34: ;   {metadata(method data for {method} {0x000001439b030fe0} 'executePrivileged' '(Ljava/security/PrivilegedExceptionAction;Ljava/security/AccessControlContext;Ljava/lang/Class;)Ljava/lang/Object;' in 'java/security/AccessController')}
  0x000001438891ea34: 48be 08d9 | 9b9b 4301 | 0000 ff86 | d801 0000 | 4c8b 4c24 

  0x000001438891ea48: ;   {metadata(method data for {method} {0x000001439b030fe0} 'executePrivileged' '(Ljava/security/PrivilegedExceptionAction;Ljava/security/AccessControlContext;Ljava/lang/Class;)Ljava/lang/Object;' in 'java/security/AccessController')}
  0x000001438891ea48: 2848 be08 | d99b 9b43 | 0100 0048 | 8386 3802 

  0x000001438891ea58: ;   {metadata(method data for {method} {0x000001439b035da0} 'reachabilityFence' '(Ljava/lang/Object;)V' in 'java/lang/ref/Reference')}
  0x000001438891ea58: 0000 0148 | be88 785f | 9b43 0100 | 008b becc | 0000 0083 | c702 89be | cc00 0000 | 81e7 feff 
  0x000001438891ea78: 1f00 83ff | 000f 8473 

  0x000001438891ea80: ;   {metadata(method data for {method} {0x000001439b030fe0} 'executePrivileged' '(Ljava/security/PrivilegedExceptionAction;Ljava/security/AccessControlContext;Ljava/lang/Class;)Ljava/lang/Object;' in 'java/security/AccessController')}
  0x000001438891ea80: 0000 0048 | be08 d99b | 9b43 0100 | 0048 8386 | 4802 0000 

  0x000001438891ea94: ;   {metadata(method data for {method} {0x000001439b035da0} 'reachabilityFence' '(Ljava/lang/Object;)V' in 'java/lang/ref/Reference')}
  0x000001438891ea94: 0148 be88 | 785f 9b43 | 0100 008b | becc 0000 | 0083 c702 | 89be cc00 | 0000 81e7 | feff 1f00 
  0x000001438891eab4: 83ff 000f | 845a 0000 | 0048 83c4 

  0x000001438891eac0: ;   {poll_return}
  0x000001438891eac0: 405d 493b | a750 0300 | 000f 8766 | 0000 00c3 

  0x000001438891ead0: ;   {metadata({method} {0x000001439b030fe0} 'executePrivileged' '(Ljava/security/PrivilegedExceptionAction;Ljava/security/AccessControlContext;Ljava/lang/Class;)Ljava/lang/Object;' in 'java/security/AccessController')}
  0x000001438891ead0: 49ba d80f | 039b 4301 | 0000 4c89 | 5424 0848 | c704 24ff 

  0x000001438891eae4: ;   {runtime_call counter_overflow Runtime1 stub}
  0x000001438891eae4: ffff ffe8 

  0x000001438891eae8: ; ImmutableOopMap {rdx=Oop r8=Oop [48]=Oop r9=Oop }
                      ;*synchronization entry
                      ; - java.security.AccessController::executePrivileged@-1
  0x000001438891eae8: 9491 3a07 | e928 feff 

  0x000001438891eaf0: ;   {runtime_call throw_null_pointer_exception Runtime1 stub}
  0x000001438891eaf0: ffe8 aa40 

  0x000001438891eaf4: ; ImmutableOopMap {[40]=Oop rdx=Oop [48]=Oop }
                      ;*invokeinterface run {reexecute=0 rethrow=0 return_oop=0}
                      ; - java.security.AccessController::executePrivileged@29
                      ;   {metadata({method} {0x000001439b035da0} 'reachabilityFence' '(Ljava/lang/Object;)V' in 'java/lang/ref/Reference')}
  0x000001438891eaf4: 3a07 49ba | 985d 039b | 4301 0000 | 4c89 5424 | 0848 c704 | 24ff ffff 

  0x000001438891eb0c: ;   {runtime_call counter_overflow Runtime1 stub}
  0x000001438891eb0c: ffe8 6e91 

  0x000001438891eb10: ; ImmutableOopMap {rax=Oop r9=Oop }
                      ;*synchronization entry
                      ; - java.lang.ref.Reference::reachabilityFence@-1
                      ; - java.security.AccessController::executePrivileged@56
  0x000001438891eb10: 3a07 e96c 

  0x000001438891eb14: ;   {metadata({method} {0x000001439b035da0} 'reachabilityFence' '(Ljava/lang/Object;)V' in 'java/lang/ref/Reference')}
  0x000001438891eb14: ffff ff49 | ba98 5d03 | 9b43 0100 | 004c 8954 | 2408 48c7 | 0424 ffff 

  0x000001438891eb2c: ;   {runtime_call counter_overflow Runtime1 stub}
  0x000001438891eb2c: ffff e84d 

  0x000001438891eb30: ; ImmutableOopMap {rax=Oop }
                      ;*synchronization entry
                      ; - java.lang.ref.Reference::reachabilityFence@-1
                      ; - java.security.AccessController::executePrivileged@60
  0x000001438891eb30: 913a 07eb 

  0x000001438891eb34: ;   {internal_word}
  0x000001438891eb34: 8849 bac2 | ea91 8843 | 0100 004d | 8997 6803 

  0x000001438891eb44: ;   {runtime_call SafepointBlob}
  0x000001438891eb44: 0000 e9b5 | 8b30 0790 | 9049 8b87 | e003 0000 | 49c7 87e0 | 0300 0000 | 0000 0049 | c787 e803 
  0x000001438891eb64: 0000 0000 | 0000 4883 

  0x000001438891eb6c: ;   {runtime_call unwind_exception Runtime1 stub}
  0x000001438891eb6c: c440 5de9 | 8c60 3107 | f4f4 f4f4 | f4f4 f4f4 | f4f4 f4f4 
[Stub Code]
  0x000001438891eb80: ;   {no_reloc}
  0x000001438891eb80: 0f1f 4400 

  0x000001438891eb84: ;   {static_stub}
  0x000001438891eb84: 0048 bb50 | 0d03 9b43 

  0x000001438891eb8c: ;   {runtime_call I2C/C2I adapters}
  0x000001438891eb8c: 0100 00e9 | bc6e 3007 

  0x000001438891eb94: ;   {static_stub}
  0x000001438891eb94: 9048 bb00 | 0000 0000 

  0x000001438891eb9c: ;   {runtime_call}
  0x000001438891eb9c: 0000 00e9 | fbff ffff 
[Exception Handler]
  0x000001438891eba4: ;   {runtime_call handle_exception_from_callee Runtime1 stub}
  0x000001438891eba4: e8d7 5d3a 

  0x000001438891eba8: ;   {external_word}
  0x000001438891eba8: 0748 b930 | ca4a a0f9 | 7f00 0048 

  0x000001438891ebb4: ;   {runtime_call}
  0x000001438891ebb4: 83e4 f049 | ba70 4c13 | a0f9 7f00 | 0041 ffd2 

  0x000001438891ebc4: ;   {section_word}
  0x000001438891ebc4: f449 bac5 | eb91 8843 | 0100 0041 

  0x000001438891ebd0: ;   {runtime_call DeoptimizationBlob}
  0x000001438891ebd0: 52e9 ca7d | 3007 f4f4 
[/MachCode]


---------------  P R O C E S S  ---------------

Threads class SMR info:
_java_thread_list=0x00000143a1806d30, length=19, elements={
0x0000014384300cf0, 0x000001439a0e6020, 0x000001439a0e9660, 0x00000143843aa240,
0x00000143843aafd0, 0x00000143843ac690, 0x00000143843ae900, 0x000001439f226fc0,
0x000001439f22b180, 0x000001439f23da00, 0x000001439f2be410, 0x000001439f3b94b0,
0x000001439f3e1fd0, 0x000001439f40bd60, 0x000001439f40e6a0, 0x00000143a13a92b0,
0x00000143a1c85f70, 0x00000143a1c0ff00, 0x00000143a1ca15a0
}

Java Threads: ( => current thread )
  0x0000014384300cf0 JavaThread "main" [_thread_blocked, id=5308, stack(0x000000139f100000,0x000000139f200000)]
  0x000001439a0e6020 JavaThread "Reference Handler" daemon [_thread_blocked, id=26772, stack(0x000000139f400000,0x000000139f500000)]
  0x000001439a0e9660 JavaThread "Finalizer" daemon [_thread_blocked, id=24500, stack(0x000000139f500000,0x000000139f600000)]
  0x00000143843aa240 JavaThread "Signal Dispatcher" daemon [_thread_blocked, id=14920, stack(0x000000139f600000,0x000000139f700000)]
  0x00000143843aafd0 JavaThread "Attach Listener" daemon [_thread_blocked, id=20628, stack(0x000000139f700000,0x000000139f800000)]
  0x00000143843ac690 JavaThread "Service Thread" daemon [_thread_blocked, id=13964, stack(0x000000139f800000,0x000000139f900000)]
  0x00000143843ae900 JavaThread "Monitor Deflation Thread" daemon [_thread_blocked, id=13680, stack(0x000000139f900000,0x000000139fa00000)]
  0x000001439f226fc0 JavaThread "C2 CompilerThread0" daemon [_thread_blocked, id=3192, stack(0x000000139fa00000,0x000000139fb00000)]
  0x000001439f22b180 JavaThread "C1 CompilerThread0" daemon [_thread_blocked, id=26572, stack(0x000000139fb00000,0x000000139fc00000)]
  0x000001439f23da00 JavaThread "Sweeper thread" daemon [_thread_blocked, id=10120, stack(0x000000139fc00000,0x000000139fd00000)]
  0x000001439f2be410 JavaThread "Common-Cleaner" daemon [_thread_blocked, id=9912, stack(0x000000139fd00000,0x000000139fe00000)]
  0x000001439f3b94b0 JavaThread "C1 CompilerThread1" daemon [_thread_blocked, id=26596, stack(0x000000139fe00000,0x000000139ff00000)]
  0x000001439f3e1fd0 JavaThread "C1 CompilerThread2" daemon [_thread_blocked, id=13228, stack(0x000000139ff00000,0x00000013a0000000)]
  0x000001439f40bd60 JavaThread "C2 CompilerThread1" daemon [_thread_blocked, id=18228, stack(0x00000013a0000000,0x00000013a0100000)]
  0x000001439f40e6a0 JavaThread "C2 CompilerThread2" daemon [_thread_blocked, id=20452, stack(0x00000013a0100000,0x00000013a0200000)]
  0x00000143a13a92b0 JavaThread "Notification Thread" daemon [_thread_blocked, id=24412, stack(0x00000013a0200000,0x00000013a0300000)]
  0x00000143a1c85f70 JavaThread "Active Thread: Equinox Container: a4dfd8ac-7a35-4ffc-91cd-b311dea766db" [_thread_blocked, id=17904, stack(0x00000013a0400000,0x00000013a0500000)]
  0x00000143a1c0ff00 JavaThread "Framework Event Dispatcher: Equinox Container: a4dfd8ac-7a35-4ffc-91cd-b311dea766db" daemon [_thread_blocked, id=19992, stack(0x00000013a0a00000,0x00000013a0b00000)]
=>0x00000143a1ca15a0 JavaThread "Start Level: Equinox Container: a4dfd8ac-7a35-4ffc-91cd-b311dea766db" daemon [_thread_in_vm, id=25684, stack(0x00000013a0b00000,0x00000013a0c00000)]

Other Threads:
  0x00000143843a7aa0 VMThread "VM Thread" [stack: 0x000000139f300000,0x000000139f400000] [id=21052]
  0x00000143a1411580 WatcherThread [stack: 0x00000013a0300000,0x00000013a0400000] [id=21692]
  0x0000014384315ef0 GCTaskThread "GC Thread#0" [stack: 0x000000139f200000,0x000000139f300000] [id=22924]
  0x00000143a18b7c80 GCTaskThread "GC Thread#1" [stack: 0x00000013a0500000,0x00000013a0600000] [id=19228]
  0x00000143a1991c60 GCTaskThread "GC Thread#2" [stack: 0x00000013a0600000,0x00000013a0700000] [id=23616]
  0x00000143a13a45e0 GCTaskThread "GC Thread#3" [stack: 0x00000013a0700000,0x00000013a0800000] [id=28668]
  0x00000143a13a48a0 GCTaskThread "GC Thread#4" [stack: 0x00000013a0800000,0x00000013a0900000] [id=26900]
  0x00000143a13a4b60 GCTaskThread "GC Thread#5" [stack: 0x00000013a0900000,0x00000013a0a00000] [id=10100]
  0x00000143a1c2fca0 GCTaskThread "GC Thread#6" [stack: 0x00000013a0c00000,0x00000013a0d00000] [id=25484]
  0x00000143a2389ca0 GCTaskThread "GC Thread#7" [stack: 0x00000013a0d00000,0x00000013a0e00000] [id=26460]

Threads with active compile tasks:

VM state: not at safepoint (normal execution)

VM Mutex/Monitor currently owned by a thread:  ([mutex/lock_event])
[0x00000143842fbbc0] Metaspace_lock - owner thread: 0x00000143a1ca15a0

Heap address: 0x00000000c0000000, size: 1024 MB, Compressed Oops mode: 32-bit

CDS archive(s) not mapped
Compressed class space mapped at: 0x0000000100000000-0x0000000140000000, reserved size: 1073741824
Narrow klass base: 0x0000000000000000, Narrow klass shift: 3, Narrow klass range: 0x140000000

GC Precious Log:
 CPUs: 16 total, 16 available
 Memory: 16088M
 Large Page Support: Disabled
 NUMA Support: Disabled
 Compressed Oops: Enabled (32-bit)
 Alignments: Space 512K, Generation 512K, Heap 2M
 Heap Min Capacity: 100M
 Heap Initial Capacity: 100M
 Heap Max Capacity: 1G
 Pre-touch: Disabled
 Parallel Workers: 13

Heap:
 PSYoungGen      total 29696K, used 11782K [0x00000000eab00000, 0x00000000ecc00000, 0x0000000100000000)
  eden space 25600K, 30% used [0x00000000eab00000,0x00000000eb2846a0,0x00000000ec400000)
  from space 4096K, 99% used [0x00000000ec800000,0x00000000ecbfd330,0x00000000ecc00000)
  to   space 4096K, 0% used [0x00000000ec400000,0x00000000ec400000,0x00000000ec800000)
 ParOldGen       total 68608K, used 1443K [0x00000000c0000000, 0x00000000c4300000, 0x00000000eab00000)
  object space 68608K, 2% used [0x00000000c0000000,0x00000000c0168d50,0x00000000c4300000)
 Metaspace       used 15715K, committed 15872K, reserved 1114112K
  class space    used 1589K, committed 1664K, reserved 1048576K

Card table byte_map: [0x0000014397960000,0x0000014397b70000] _byte_map_base: 0x0000014397360000

Marking Bits: (ParMarkBitMap*) 0x00007ff9a07258b0
 Begin Bits: [0x0000014397cd0000, 0x0000014398cd0000)
 End Bits:   [0x0000014398cd0000, 0x0000014399cd0000)

Polling page: 0x00000143843b0000

Metaspace:

Usage:
  Non-class:     13.80 MB used.
      Class:      1.55 MB used.
       Both:     15.35 MB used.

Virtual space:
  Non-class space:       64.00 MB reserved,      13.88 MB ( 22%) committed,  1 nodes.
      Class space:        1.00 GB reserved,       1.62 MB ( <1%) committed,  1 nodes.
             Both:        1.06 GB reserved,      15.50 MB (  1%) committed. 

Chunk freelists:
   Non-Class:  2.00 MB
       Class:  14.40 MB
        Both:  16.40 MB

MaxMetaspaceSize: unlimited
CompressedClassSpaceSize: 1.00 GB
Initial GC threshold: 21.00 MB
Current GC threshold: 21.00 MB
CDS: off
MetaspaceReclaimPolicy: balanced
 - commit_granule_bytes: 65536.
 - commit_granule_words: 8192.
 - virtual_space_node_default_size: 8388608.
 - enlarge_chunks_in_place: 1.
 - new_chunks_are_fully_committed: 0.
 - uncommit_free_chunks: 1.
 - use_allocation_guard: 0.
 - handle_deallocations: 1.


Internal statistics:

num_allocs_failed_limit: 0.
num_arena_births: 98.
num_arena_deaths: 0.
num_vsnodes_births: 2.
num_vsnodes_deaths: 0.
num_space_committed: 248.
num_space_uncommitted: 0.
num_chunks_returned_to_freelist: 0.
num_chunks_taken_from_freelist: 308.
num_chunk_merges: 0.
num_chunk_splits: 193.
num_chunks_enlarged: 147.
num_inconsistent_stats: 0.

CodeHeap 'non-profiled nmethods': size=119168Kb used=797Kb max_used=797Kb free=118370Kb
 bounds [0x0000014390320000, 0x0000014390590000, 0x0000014397780000]
CodeHeap 'profiled nmethods': size=119104Kb used=3455Kb max_used=3455Kb free=115648Kb
 bounds [0x0000014388780000, 0x0000014388ae0000, 0x000001438fbd0000]
CodeHeap 'non-nmethods': size=7488Kb used=2291Kb max_used=2310Kb free=5196Kb
 bounds [0x000001438fbd0000, 0x000001438fe40000, 0x0000014390320000]
 total_blobs=2325 nmethods=1863 adapters=374
 compilation: enabled
              stopped_count=0, restarted_count=0
 full_count=0

Compilation events (20 events):
Event: 1.943 Thread 0x000001439f22b180 nmethod 1847 0x0000014388addf90 code [0x0000014388ade160, 0x0000014388ade5c8]
Event: 1.943 Thread 0x000001439f22b180 1851       3       java.lang.invoke.InnerClassLambdaMetafactory::getOpcodeOffset (38 bytes)
Event: 1.943 Thread 0x000001439f22b180 nmethod 1851 0x0000014388adee10 code [0x0000014388adefe0, 0x0000014388adf2b8]
Event: 1.945 Thread 0x000001439f22b180 1855       1       java.util.Formatter$Flags::valueOf (5 bytes)
Event: 1.946 Thread 0x000001439f22b180 nmethod 1855 0x00000143903e6410 code [0x00000143903e65a0, 0x00000143903e6678]
Event: 1.949 Thread 0x000001439f22b180 1856       3       sun.util.locale.LocaleUtils::isUpper (18 bytes)
Event: 1.949 Thread 0x000001439f22b180 nmethod 1856 0x0000014388adf390 code [0x0000014388adf520, 0x0000014388adf698]
Event: 1.950 Thread 0x000001439f3e1fd0 1857       1       sun.util.locale.BaseLocale::getRegion (5 bytes)
Event: 1.950 Thread 0x000001439f3e1fd0 nmethod 1857 0x00000143903e6710 code [0x00000143903e68a0, 0x00000143903e6978]
Event: 1.962 Thread 0x000001439f3b94b0 1858       1       java.lang.invoke.MethodHandleNatives::isPullModeBSM (2 bytes)
Event: 1.962 Thread 0x000001439f22b180 1859       1       java.lang.invoke.MethodHandleImpl::isCompileConstant (2 bytes)
Event: 1.962 Thread 0x000001439f3b94b0 nmethod 1858 0x00000143903e6a10 code [0x00000143903e6ba0, 0x00000143903e6c58]
Event: 1.962 Thread 0x000001439f22b180 nmethod 1859 0x00000143903e6d10 code [0x00000143903e6ea0, 0x00000143903e6f58]
Event: 1.963 Thread 0x000001439f3e1fd0 1860       3       java.lang.invoke.ConstantCallSite::getTarget (20 bytes)
Event: 1.963 Thread 0x000001439f3e1fd0 nmethod 1860 0x0000014388adf710 code [0x0000014388adf8c0, 0x0000014388adfae8]
Event: 1.964 Thread 0x000001439f22b180 1861       3       java.lang.reflect.AccessibleObject::<init> (5 bytes)
Event: 1.964 Thread 0x000001439f22b180 nmethod 1861 0x0000014388adfc10 code [0x0000014388adfda0, 0x0000014388adfef8]
Event: 1.964 Thread 0x000001439f3e1fd0 1862       1       java.lang.reflect.Constructor::getDeclaringClass (5 bytes)
Event: 1.964 Thread 0x000001439f3e1fd0 nmethod 1862 0x00000143903e7010 code [0x00000143903e71a0, 0x00000143903e7278]
Event: 1.967 Thread 0x000001439f40bd60 1863       4       java.lang.StringUTF16::getChar (60 bytes)

GC Heap History (4 events):
Event: 1.172 GC heap before
{Heap before GC invocations=1 (full 0):
 PSYoungGen      total 29696K, used 25600K [0x00000000eab00000, 0x00000000ecc00000, 0x0000000100000000)
  eden space 25600K, 100% used [0x00000000eab00000,0x00000000ec400000,0x00000000ec400000)
  from space 4096K, 0% used [0x00000000ec800000,0x00000000ec800000,0x00000000ecc00000)
  to   space 4096K, 0% used [0x00000000ec400000,0x00000000ec400000,0x00000000ec800000)
 ParOldGen       total 68608K, used 0K [0x00000000c0000000, 0x00000000c4300000, 0x00000000eab00000)
  object space 68608K, 0% used [0x00000000c0000000,0x00000000c0000000,0x00000000c4300000)
 Metaspace       used 10674K, committed 10816K, reserved 1114112K
  class space    used 1064K, committed 1152K, reserved 1048576K
}
Event: 1.179 GC heap after
{Heap after GC invocations=1 (full 0):
 PSYoungGen      total 29696K, used 3155K [0x00000000eab00000, 0x00000000ecc00000, 0x0000000100000000)
  eden space 25600K, 0% used [0x00000000eab00000,0x00000000eab00000,0x00000000ec400000)
  from space 4096K, 77% used [0x00000000ec400000,0x00000000ec714f00,0x00000000ec800000)
  to   space 4096K, 0% used [0x00000000ec800000,0x00000000ec800000,0x00000000ecc00000)
 ParOldGen       total 68608K, used 16K [0x00000000c0000000, 0x00000000c4300000, 0x00000000eab00000)
  object space 68608K, 0% used [0x00000000c0000000,0x00000000c0004000,0x00000000c4300000)
 Metaspace       used 10674K, committed 10816K, reserved 1114112K
  class space    used 1064K, committed 1152K, reserved 1048576K
}
Event: 1.828 GC heap before
{Heap before GC invocations=2 (full 0):
 PSYoungGen      total 29696K, used 28755K [0x00000000eab00000, 0x00000000ecc00000, 0x0000000100000000)
  eden space 25600K, 100% used [0x00000000eab00000,0x00000000ec400000,0x00000000ec400000)
  from space 4096K, 77% used [0x00000000ec400000,0x00000000ec714f00,0x00000000ec800000)
  to   space 4096K, 0% used [0x00000000ec800000,0x00000000ec800000,0x00000000ecc00000)
 ParOldGen       total 68608K, used 16K [0x00000000c0000000, 0x00000000c4300000, 0x00000000eab00000)
  object space 68608K, 0% used [0x00000000c0000000,0x00000000c0004000,0x00000000c4300000)
 Metaspace       used 14322K, committed 14528K, reserved 1114112K
  class space    used 1423K, committed 1536K, reserved 1048576K
}
Event: 1.838 GC heap after
{Heap after GC invocations=2 (full 0):
 PSYoungGen      total 29696K, used 4084K [0x00000000eab00000, 0x00000000ecc00000, 0x0000000100000000)
  eden space 25600K, 0% used [0x00000000eab00000,0x00000000eab00000,0x00000000ec400000)
  from space 4096K, 99% used [0x00000000ec800000,0x00000000ecbfd330,0x00000000ecc00000)
  to   space 4096K, 0% used [0x00000000ec400000,0x00000000ec400000,0x00000000ec800000)
 ParOldGen       total 68608K, used 1443K [0x00000000c0000000, 0x00000000c4300000, 0x00000000eab00000)
  object space 68608K, 2% used [0x00000000c0000000,0x00000000c0168d50,0x00000000c4300000)
 Metaspace       used 14322K, committed 14528K, reserved 1114112K
  class space    used 1423K, committed 1536K, reserved 1048576K
}

Dll operation events (9 events):
Event: 0.016 Loaded shared library c:\Users\ACER NITRO\.vscode\extensions\redhat.java-1.34.0-win32-x64\jre\17.0.12-win32-x86_64\bin\java.dll
Event: 0.271 Loaded shared library c:\Users\ACER NITRO\.vscode\extensions\redhat.java-1.34.0-win32-x64\jre\17.0.12-win32-x86_64\bin\zip.dll
Event: 0.274 Loaded shared library C:\Users\ACER NITRO\.vscode\extensions\redhat.java-1.34.0-win32-x64\jre\17.0.12-win32-x86_64\bin\instrument.dll
Event: 0.297 Loaded shared library C:\Users\ACER NITRO\.vscode\extensions\redhat.java-1.34.0-win32-x64\jre\17.0.12-win32-x86_64\bin\net.dll
Event: 0.302 Loaded shared library C:\Users\ACER NITRO\.vscode\extensions\redhat.java-1.34.0-win32-x64\jre\17.0.12-win32-x86_64\bin\nio.dll
Event: 0.312 Loaded shared library C:\Users\ACER NITRO\.vscode\extensions\redhat.java-1.34.0-win32-x64\jre\17.0.12-win32-x86_64\bin\zip.dll
Event: 0.339 Loaded shared library C:\Users\ACER NITRO\.vscode\extensions\redhat.java-1.34.0-win32-x64\jre\17.0.12-win32-x86_64\bin\jimage.dll
Event: 0.432 Loaded shared library c:\Users\ACER NITRO\.vscode\extensions\redhat.java-1.34.0-win32-x64\jre\17.0.12-win32-x86_64\bin\verify.dll
Event: 1.794 Loaded shared library C:\Users\ACER NITRO\AppData\Roaming\Code\User\globalStorage\redhat.java\1.34.0\config_win\org.eclipse.equinox.launcher\org.eclipse.equinox.launcher.win32.win32.x86_64_1.2.1100.v20240722-2106\eclipse_11904.dll

Deoptimization events (20 events):
Event: 1.915 Thread 0x00000143a1ca15a0 Uncommon trap: trap_request=0xffffffde fr.pc=0x000001439038f6f8 relative=0x0000000000000498
Event: 1.915 Thread 0x00000143a1ca15a0 Uncommon trap: reason=class_check action=maybe_recompile pc=0x000001439038f6f8 method=java.io.DataInputStream.readInt()I @ 6 c2
Event: 1.915 Thread 0x00000143a1ca15a0 DEOPT PACKING pc=0x000001439038f6f8 sp=0x00000013a0bfdf70
Event: 1.915 Thread 0x00000143a1ca15a0 DEOPT UNPACKING pc=0x000001438fc266a3 sp=0x00000013a0bfdf28 mode 2
Event: 1.915 Thread 0x00000143a1ca15a0 Uncommon trap: trap_request=0xffffffde fr.pc=0x000001439038f6f8 relative=0x0000000000000498
Event: 1.915 Thread 0x00000143a1ca15a0 Uncommon trap: reason=class_check action=maybe_recompile pc=0x000001439038f6f8 method=java.io.DataInputStream.readInt()I @ 6 c2
Event: 1.915 Thread 0x00000143a1ca15a0 DEOPT PACKING pc=0x000001439038f6f8 sp=0x00000013a0bfdff0
Event: 1.915 Thread 0x00000143a1ca15a0 DEOPT UNPACKING pc=0x000001438fc266a3 sp=0x00000013a0bfdfa8 mode 2
Event: 1.915 Thread 0x00000143a1ca15a0 Uncommon trap: trap_request=0xffffffde fr.pc=0x000001439038f6f8 relative=0x0000000000000498
Event: 1.915 Thread 0x00000143a1ca15a0 Uncommon trap: reason=class_check action=maybe_recompile pc=0x000001439038f6f8 method=java.io.DataInputStream.readInt()I @ 6 c2
Event: 1.915 Thread 0x00000143a1ca15a0 DEOPT PACKING pc=0x000001439038f6f8 sp=0x00000013a0bfdf70
Event: 1.915 Thread 0x00000143a1ca15a0 DEOPT UNPACKING pc=0x000001438fc266a3 sp=0x00000013a0bfdf28 mode 2
Event: 1.952 Thread 0x00000143a1ca15a0 Uncommon trap: trap_request=0xffffff45 fr.pc=0x000001439036fbf4 relative=0x0000000000000074
Event: 1.952 Thread 0x00000143a1ca15a0 Uncommon trap: reason=unstable_if action=reinterpret pc=0x000001439036fbf4 method=jdk.internal.misc.Unsafe.convEndian(ZJ)J @ 4 c2
Event: 1.952 Thread 0x00000143a1ca15a0 DEOPT PACKING pc=0x000001439036fbf4 sp=0x00000013a0bfc980
Event: 1.952 Thread 0x00000143a1ca15a0 DEOPT UNPACKING pc=0x000001438fc266a3 sp=0x00000013a0bfc8a8 mode 2
Event: 1.965 Thread 0x00000143a1ca15a0 Uncommon trap: trap_request=0xffffff45 fr.pc=0x000001439034d848 relative=0x0000000000000048
Event: 1.965 Thread 0x00000143a1ca15a0 Uncommon trap: reason=unstable_if action=reinterpret pc=0x000001439034d848 method=java.lang.CharacterData.of(I)Ljava/lang/CharacterData; @ 4 c2
Event: 1.965 Thread 0x00000143a1ca15a0 DEOPT PACKING pc=0x000001439034d848 sp=0x00000013a0bfd6f0
Event: 1.965 Thread 0x00000143a1ca15a0 DEOPT UNPACKING pc=0x000001438fc266a3 sp=0x00000013a0bfd688 mode 2

Classes loaded (20 events):
Event: 1.963 Loading class java/util/stream/IntPipeline$StatelessOp done
Event: 1.963 Loading class java/util/stream/IntPipeline$10 done
Event: 1.963 Loading class java/util/stream/FindOps$FindSink$OfInt
Event: 1.963 Loading class java/util/stream/Sink$OfInt
Event: 1.963 Loading class java/util/function/IntConsumer
Event: 1.963 Loading class java/util/function/IntConsumer done
Event: 1.963 Loading class java/util/stream/Sink$OfInt done
Event: 1.963 Loading class java/util/stream/FindOps$FindSink$OfInt done
Event: 1.963 Loading class java/util/OptionalInt
Event: 1.963 Loading class java/util/OptionalInt done
Event: 1.964 Loading class java/util/stream/IntPipeline$10$1
Event: 1.964 Loading class java/util/stream/Sink$ChainedInt
Event: 1.964 Loading class java/util/stream/Sink$ChainedInt done
Event: 1.964 Loading class java/util/stream/IntPipeline$10$1 done
Event: 1.964 Loading class java/lang/StringUTF16$CharsSpliterator
Event: 1.964 Loading class java/lang/StringUTF16$CharsSpliterator done
Event: 1.965 Loading class java/lang/CharacterData00
Event: 1.965 Loading class java/lang/CharacterData00 done
Event: 1.968 Loading class java/time/LocalTime$1
Event: 1.968 Loading class java/time/LocalTime$1 done

Classes unloaded (0 events):
No events

Classes redefined (0 events):
No events

Internal exceptions (20 events):
Event: 1.096 Thread 0x0000014384300cf0 Exception <a 'java/lang/ClassNotFoundException'{0x00000000ec20bfc8}: sun/net/www/protocol/c/Handler> (0x00000000ec20bfc8) 
thrown [s\src\hotspot\share\classfile\systemDictionary.cpp, line 256]
Event: 1.096 Thread 0x0000014384300cf0 Exception <a 'java/lang/ClassNotFoundException'{0x00000000ec20d118}: sun/net/www/protocol/c/Handler> (0x00000000ec20d118) 
thrown [s\src\hotspot\share\classfile\systemDictionary.cpp, line 256]
Event: 1.107 Thread 0x0000014384300cf0 Exception <a 'java/io/FileNotFoundException'{0x00000000ec234728}> (0x00000000ec234728) 
thrown [s\src\hotspot\share\prims\jni.cpp, line 516]
Event: 1.151 Thread 0x0000014384300cf0 Implicit null exception at 0x000001439036d45b to 0x000001439036dda4
Event: 1.151 Thread 0x0000014384300cf0 Implicit null exception at 0x00000143903735ec to 0x00000143903737c8
Event: 1.151 Thread 0x0000014384300cf0 Implicit null exception at 0x0000014390372f6c to 0x0000014390373150
Event: 1.151 Thread 0x0000014384300cf0 Implicit null exception at 0x000001439036a40f to 0x000001439036a485
Event: 1.220 Thread 0x0000014384300cf0 Exception <a 'java/lang/NoSuchMethodError'{0x00000000eac93410}: 'int java.lang.invoke.DirectMethodHandle$Holder.invokeStaticInit(java.lang.Object, java.lang.Object, java.lang.Object, java.lang.Object)'> (0x00000000eac93410) 
thrown [s\src\hotspot\share\interpreter\linkResolver.cpp, line 759]
Event: 1.223 Thread 0x0000014384300cf0 Exception <a 'java/lang/NoSuchMethodError'{0x00000000eac9db78}: 'java.lang.Object java.lang.invoke.DirectMethodHandle$Holder.invokeInterface(java.lang.Object, java.lang.Object)'> (0x00000000eac9db78) 
thrown [s\src\hotspot\share\interpreter\linkResolver.cpp, line 759]
Event: 1.223 Thread 0x0000014384300cf0 Exception <a 'java/lang/IncompatibleClassChangeError'{0x00000000eaca1370}: Found class java.lang.Object, but interface was expected> (0x00000000eaca1370) 
thrown [s\src\hotspot\share\interpreter\linkResolver.cpp, line 826]
Event: 1.225 Thread 0x0000014384300cf0 Exception <a 'java/lang/NoSuchMethodError'{0x00000000eaca5850}: 'void java.lang.invoke.DirectMethodHandle$Holder.invokeStatic(java.lang.Object, java.lang.Object)'> (0x00000000eaca5850) 
thrown [s\src\hotspot\share\interpreter\linkResolver.cpp, line 759]
Event: 1.225 Thread 0x0000014384300cf0 Exception <a 'java/lang/NoSuchMethodError'{0x00000000eaca9050}: 'void java.lang.invoke.DirectMethodHandle$Holder.invokeStaticInit(java.lang.Object, java.lang.Object)'> (0x00000000eaca9050) 
thrown [s\src\hotspot\share\interpreter\linkResolver.cpp, line 759]
Event: 1.227 Thread 0x0000014384300cf0 Exception <a 'java/lang/NoSuchMethodError'{0x00000000eacb0550}: 'int java.lang.invoke.DirectMethodHandle$Holder.invokeStaticInit(java.lang.Object, java.lang.Object)'> (0x00000000eacb0550) 
thrown [s\src\hotspot\share\interpreter\linkResolver.cpp, line 759]
Event: 1.276 Thread 0x0000014384300cf0 Exception <a 'java/lang/NoSuchMethodError'{0x00000000eae3cd58}: 'void java.lang.invoke.DirectMethodHandle$Holder.invokeSpecial(java.lang.Object, java.lang.Object, java.lang.Object)'> (0x00000000eae3cd58) 
thrown [s\src\hotspot\share\interpreter\linkResolver.cpp, line 759]
Event: 1.625 Thread 0x0000014384300cf0 Exception <a 'java/lang/NoSuchMethodError'{0x00000000ebc0c528}: 'java.lang.Object java.lang.invoke.DirectMethodHandle$Holder.newInvokeSpecial(java.lang.Object, int, java.lang.Object)'> (0x00000000ebc0c528) 
thrown [s\src\hotspot\share\interpreter\linkResolver.cpp, line 759]
Event: 1.790 Thread 0x0000014384300cf0 Exception <a 'java/lang/UnsatisfiedLinkError'{0x00000000ec229828}: 'void org.eclipse.equinox.launcher.JNIBridge._update_splash()'> (0x00000000ec229828) 
thrown [s\src\hotspot\share\prims\nativeLookup.cpp, line 543]
Event: 1.875 Thread 0x00000143a1ca15a0 Exception <a 'java/lang/NoSuchMethodError'{0x00000000ead4c238}: 'java.lang.Object java.lang.invoke.DirectMethodHandle$Holder.invokeStaticInit(java.lang.Object)'> (0x00000000ead4c238) 
thrown [s\src\hotspot\share\interpreter\linkResolver.cpp, line 759]
Event: 1.891 Thread 0x00000143a1ca15a0 Exception <a 'java/lang/NoSuchMethodError'{0x00000000eae159f8}: 'java.lang.Object java.lang.invoke.DirectMethodHandle$Holder.newInvokeSpecial(java.lang.Object, java.lang.Object, int, java.lang.Object)'> (0x00000000eae159f8) 
thrown [s\src\hotspot\share\interpreter\linkResolver.cpp, line 759]
Event: 1.891 Thread 0x00000143a1ca15a0 Exception <a 'java/lang/NoSuchMethodError'{0x00000000eae19ce0}: 'java.lang.Object java.lang.invoke.DirectMethodHandle$Holder.invokeSpecial(java.lang.Object, java.lang.Object, java.lang.Object, int, java.lang.Object)'> (0x00000000eae19ce0) 
thrown [s\src\hotspot\share\interpreter\linkResolver.cpp, line 759]
Event: 1.940 Thread 0x00000143a1ca15a0 Exception <a 'java/lang/ClassNotFoundException'{0x00000000eb09cfb8}: sun/util/logging/resources/spi/loggingProvider> (0x00000000eb09cfb8) 
thrown [s\src\hotspot\share\classfile\systemDictionary.cpp, line 256]

VM Operations (20 events):
Event: 1.593 Executing VM operation: HandshakeAllThreads
Event: 1.593 Executing VM operation: HandshakeAllThreads done
Event: 1.594 Executing VM operation: HandshakeAllThreads
Event: 1.594 Executing VM operation: HandshakeAllThreads done
Event: 1.602 Executing VM operation: HandshakeAllThreads
Event: 1.603 Executing VM operation: HandshakeAllThreads done
Event: 1.620 Executing VM operation: HandshakeAllThreads
Event: 1.620 Executing VM operation: HandshakeAllThreads done
Event: 1.819 Executing VM operation: ICBufferFull
Event: 1.819 Executing VM operation: ICBufferFull done
Event: 1.827 Executing VM operation: ParallelGCFailedAllocation
Event: 1.838 Executing VM operation: ParallelGCFailedAllocation done
Event: 1.864 Executing VM operation: HandshakeAllThreads
Event: 1.864 Executing VM operation: HandshakeAllThreads done
Event: 1.916 Executing VM operation: HandshakeAllThreads
Event: 1.916 Executing VM operation: HandshakeAllThreads done
Event: 1.951 Executing VM operation: HandshakeAllThreads
Event: 1.951 Executing VM operation: HandshakeAllThreads done
Event: 1.966 Executing VM operation: HandshakeAllThreads
Event: 1.966 Executing VM operation: HandshakeAllThreads done

Events (20 events):
Event: 0.070 Thread 0x000001439a0e6020 Thread added: 0x000001439a0e6020
Event: 0.071 Thread 0x000001439a0e9660 Thread added: 0x000001439a0e9660
Event: 0.101 Thread 0x00000143843aa240 Thread added: 0x00000143843aa240
Event: 0.102 Thread 0x00000143843aafd0 Thread added: 0x00000143843aafd0
Event: 0.102 Thread 0x00000143843ac690 Thread added: 0x00000143843ac690
Event: 0.102 Thread 0x00000143843ae900 Thread added: 0x00000143843ae900
Event: 0.102 Thread 0x000001439f226fc0 Thread added: 0x000001439f226fc0
Event: 0.102 Thread 0x000001439f22b180 Thread added: 0x000001439f22b180
Event: 0.102 Thread 0x000001439f23da00 Thread added: 0x000001439f23da00
Event: 0.209 Thread 0x000001439f2be410 Thread added: 0x000001439f2be410
Event: 0.242 Thread 0x000001439f3b94b0 Thread added: 0x000001439f3b94b0
Event: 0.244 Thread 0x000001439f3e1fd0 Thread added: 0x000001439f3e1fd0
Event: 0.252 Thread 0x000001439f40bd60 Thread added: 0x000001439f40bd60
Event: 0.252 Thread 0x000001439f40e6a0 Thread added: 0x000001439f40e6a0
Event: 0.578 Thread 0x00000143a13a92b0 Thread added: 0x00000143a13a92b0
Event: 0.938 Thread 0x00000143a167b150 Thread added: 0x00000143a167b150
Event: 1.180 Thread 0x00000143a167b150 Thread exited: 0x00000143a167b150
Event: 1.575 Thread 0x00000143a1c85f70 Thread added: 0x00000143a1c85f70
Event: 1.778 Thread 0x00000143a1c0ff00 Thread added: 0x00000143a1c0ff00
Event: 1.790 Thread 0x00000143a1ca15a0 Thread added: 0x00000143a1ca15a0


Dynamic libraries:
0x00007ff663710000 - 0x00007ff66371e000 	c:\Users\ACER NITRO\.vscode\extensions\redhat.java-1.34.0-win32-x64\jre\17.0.12-win32-x86_64\bin\java.exe
0x00007ffa35c10000 - 0x00007ffa35e27000 	C:\WINDOWS\SYSTEM32\ntdll.dll
0x00007ffa0ac70000 - 0x00007ffa0ac8a000 	C:\Program Files\AVG\Antivirus\aswhook.dll
0x00007ffa34c50000 - 0x00007ffa34d14000 	C:\WINDOWS\System32\KERNEL32.DLL
0x00007ffa330a0000 - 0x00007ffa3344d000 	C:\WINDOWS\System32\KERNELBASE.dll
0x00007ffa33660000 - 0x00007ffa33771000 	C:\WINDOWS\System32\ucrtbase.dll
0x00007ffa12a20000 - 0x00007ffa12a37000 	c:\Users\ACER NITRO\.vscode\extensions\redhat.java-1.34.0-win32-x64\jre\17.0.12-win32-x86_64\bin\jli.dll
0x00007ffa13790000 - 0x00007ffa137ab000 	c:\Users\ACER NITRO\.vscode\extensions\redhat.java-1.34.0-win32-x64\jre\17.0.12-win32-x86_64\bin\VCRUNTIME140.dll
0x00007ffa34540000 - 0x00007ffa346ee000 	C:\WINDOWS\System32\USER32.dll
0x00007ffa07460000 - 0x00007ffa076f3000 	C:\WINDOWS\WinSxS\amd64_microsoft.windows.common-controls_6595b64144ccf1df_6.0.22621.3672_none_2713b9d173822955\COMCTL32.dll
0x00007ffa32f30000 - 0x00007ffa32f56000 	C:\WINDOWS\System32\win32u.dll
0x00007ffa33ba0000 - 0x00007ffa33c47000 	C:\WINDOWS\System32\msvcrt.dll
0x00007ffa34f00000 - 0x00007ffa34f29000 	C:\WINDOWS\System32\GDI32.dll
0x00007ffa33820000 - 0x00007ffa33939000 	C:\WINDOWS\System32\gdi32full.dll
0x00007ffa33780000 - 0x00007ffa3381a000 	C:\WINDOWS\System32\msvcp_win.dll
0x00007ffa34ec0000 - 0x00007ffa34ef1000 	C:\WINDOWS\System32\IMM32.DLL
0x00007ffa2ab00000 - 0x00007ffa2ab0c000 	c:\Users\ACER NITRO\.vscode\extensions\redhat.java-1.34.0-win32-x64\jre\17.0.12-win32-x86_64\bin\vcruntime140_1.dll
0x00007ff9d8ca0000 - 0x00007ff9d8d2d000 	c:\Users\ACER NITRO\.vscode\extensions\redhat.java-1.34.0-win32-x64\jre\17.0.12-win32-x86_64\bin\msvcp140.dll
0x00007ff99fb80000 - 0x00007ff9a07ea000 	c:\Users\ACER NITRO\.vscode\extensions\redhat.java-1.34.0-win32-x64\jre\17.0.12-win32-x86_64\bin\server\jvm.dll
0x00007ffa34d30000 - 0x00007ffa34de2000 	C:\WINDOWS\System32\ADVAPI32.dll
0x00007ffa35040000 - 0x00007ffa350e9000 	C:\WINDOWS\System32\sechost.dll
0x00007ffa33450000 - 0x00007ffa33478000 	C:\WINDOWS\System32\bcrypt.dll
0x00007ffa34320000 - 0x00007ffa34434000 	C:\WINDOWS\System32\RPCRT4.dll
0x00007ffa34fc0000 - 0x00007ffa35031000 	C:\WINDOWS\System32\WS2_32.dll
0x00007ffa31dc0000 - 0x00007ffa31e0d000 	C:\WINDOWS\SYSTEM32\POWRPROF.dll
0x00007ffa25b60000 - 0x00007ffa25b6a000 	C:\WINDOWS\SYSTEM32\VERSION.dll
0x00007ffa27af0000 - 0x00007ffa27b24000 	C:\WINDOWS\SYSTEM32\WINMM.dll
0x00007ffa31da0000 - 0x00007ffa31db3000 	C:\WINDOWS\SYSTEM32\UMPDC.dll
0x00007ffa32050000 - 0x00007ffa32068000 	C:\WINDOWS\SYSTEM32\kernel.appcore.dll
0x00007ffa27c70000 - 0x00007ffa27c7a000 	c:\Users\ACER NITRO\.vscode\extensions\redhat.java-1.34.0-win32-x64\jre\17.0.12-win32-x86_64\bin\jimage.dll
0x00007ffa30290000 - 0x00007ffa304c2000 	C:\WINDOWS\SYSTEM32\DBGHELP.DLL
0x00007ffa33cc0000 - 0x00007ffa3404e000 	C:\WINDOWS\System32\combase.dll
0x00007ffa346f0000 - 0x00007ffa347c7000 	C:\WINDOWS\System32\OLEAUT32.dll
0x00007ffa1c810000 - 0x00007ffa1c842000 	C:\WINDOWS\SYSTEM32\dbgcore.DLL
0x00007ffa32f60000 - 0x00007ffa32fdb000 	C:\WINDOWS\System32\bcryptPrimitives.dll
0x00007ffa27c00000 - 0x00007ffa27c0e000 	c:\Users\ACER NITRO\.vscode\extensions\redhat.java-1.34.0-win32-x64\jre\17.0.12-win32-x86_64\bin\instrument.dll
0x00007ffa0a9d0000 - 0x00007ffa0a9f5000 	c:\Users\ACER NITRO\.vscode\extensions\redhat.java-1.34.0-win32-x64\jre\17.0.12-win32-x86_64\bin\java.dll
0x00007ffa10780000 - 0x00007ffa10798000 	c:\Users\ACER NITRO\.vscode\extensions\redhat.java-1.34.0-win32-x64\jre\17.0.12-win32-x86_64\bin\zip.dll
0x00007ffa352c0000 - 0x00007ffa35b27000 	C:\WINDOWS\System32\SHELL32.dll
0x00007ffa30e70000 - 0x00007ffa3176f000 	C:\WINDOWS\SYSTEM32\windows.storage.dll
0x00007ffa30d30000 - 0x00007ffa30e6f000 	C:\WINDOWS\SYSTEM32\wintypes.dll
0x00007ffa341b0000 - 0x00007ffa342a9000 	C:\WINDOWS\System32\SHCORE.dll
0x00007ffa34e50000 - 0x00007ffa34eae000 	C:\WINDOWS\System32\shlwapi.dll
0x00007ffa32e60000 - 0x00007ffa32e87000 	C:\WINDOWS\SYSTEM32\profapi.dll
0x00007ffa10080000 - 0x00007ffa10099000 	C:\Users\ACER NITRO\.vscode\extensions\redhat.java-1.34.0-win32-x64\jre\17.0.12-win32-x86_64\bin\net.dll
0x00007ffa2b0f0000 - 0x00007ffa2b226000 	C:\WINDOWS\SYSTEM32\WINHTTP.dll
0x00007ffa324e0000 - 0x00007ffa32549000 	C:\WINDOWS\system32\mswsock.dll
0x00007ffa0ec00000 - 0x00007ffa0ec16000 	C:\Users\ACER NITRO\.vscode\extensions\redhat.java-1.34.0-win32-x64\jre\17.0.12-win32-x86_64\bin\nio.dll
0x00007ffa1fc60000 - 0x00007ffa1fc70000 	c:\Users\ACER NITRO\.vscode\extensions\redhat.java-1.34.0-win32-x64\jre\17.0.12-win32-x86_64\bin\verify.dll
0x00007ffa17ef0000 - 0x00007ffa17f35000 	C:\Users\ACER NITRO\AppData\Roaming\Code\User\globalStorage\redhat.java\1.34.0\config_win\org.eclipse.equinox.launcher\org.eclipse.equinox.launcher.win32.win32.x86_64_1.2.1100.v20240722-2106\eclipse_11904.dll
0x00007ffa339f0000 - 0x00007ffa33b95000 	C:\WINDOWS\System32\ole32.dll

dbghelp: loaded successfully - version: 4.0.5 - missing functions: none
symbol engine: initialized successfully - sym options: 0x614 - pdb path: .;c:\Users\ACER NITRO\.vscode\extensions\redhat.java-1.34.0-win32-x64\jre\17.0.12-win32-x86_64\bin;C:\WINDOWS\SYSTEM32;C:\Program Files\AVG\Antivirus;C:\WINDOWS\WinSxS\amd64_microsoft.windows.common-controls_6595b64144ccf1df_6.0.22621.3672_none_2713b9d173822955;c:\Users\ACER NITRO\.vscode\extensions\redhat.java-1.34.0-win32-x64\jre\17.0.12-win32-x86_64\bin\server;C:\Users\ACER NITRO\AppData\Roaming\Code\User\globalStorage\redhat.java\1.34.0\config_win\org.eclipse.equinox.launcher\org.eclipse.equinox.launcher.win32.win32.x86_64_1.2.1100.v20240722-2106

VM Arguments:
jvm_args: --add-modules=ALL-SYSTEM --add-opens=java.base/java.util=ALL-UNNAMED --add-opens=java.base/java.lang=ALL-UNNAMED --add-opens=java.base/sun.nio.fs=ALL-UNNAMED -Declipse.application=org.eclipse.jdt.ls.core.id1 -Dosgi.bundles.defaultStartLevel=4 -Declipse.product=org.eclipse.jdt.ls.core.product -Djava.import.generatesMetadataFilesAtProjectRoot=false -DDetectVMInstallationsJob.disabled=true -Dfile.encoding=utf8 -XX:+UseParallelGC -XX:GCTimeRatio=4 -XX:AdaptiveSizePolicyWeight=90 -Dsun.zip.disableMemoryMapping=true -Xmx1G -Xms100m -Xlog:disable -javaagent:c:\Users\ACER NITRO\.vscode\extensions\redhat.java-1.34.0-win32-x64\lombok\lombok-1.18.33.jar -XX:+HeapDumpOnOutOfMemoryError -XX:HeapDumpPath=c:\Users\ACER NITRO\AppData\Roaming\Code\User\workspaceStorage\b109c0892e657aa4ac4fe18f0a49baf4\redhat.java -Daether.dependencyCollector.impl=bf 
java_command: c:\Users\ACER NITRO\.vscode\extensions\redhat.java-1.34.0-win32-x64\server\plugins\org.eclipse.equinox.launcher_1.6.900.v20240613-2009.jar -configuration c:\Users\ACER NITRO\AppData\Roaming\Code\User\globalStorage\redhat.java\1.34.0\config_win -data c:\Users\ACER NITRO\AppData\Roaming\Code\User\workspaceStorage\b109c0892e657aa4ac4fe18f0a49baf4\redhat.java\jdt_ws --pipe=\\.\pipe\lsp-7767a0e7104311a038794c058b8375ac-sock
java_class_path (initial): c:\Users\ACER NITRO\.vscode\extensions\redhat.java-1.34.0-win32-x64\server\plugins\org.eclipse.equinox.launcher_1.6.900.v20240613-2009.jar
Launcher Type: SUN_STANDARD

[Global flags]
    uintx AdaptiveSizePolicyWeight                 = 90                                        {product} {command line}
     intx CICompilerCount                          = 12                                        {product} {ergonomic}
    uintx GCTimeRatio                              = 4                                         {product} {command line}
     bool HeapDumpOnOutOfMemoryError               = true                                   {manageable} {command line}
    ccstr HeapDumpPath                             = c:\Users\ACER NITRO\AppData\Roaming\Code\User\workspaceStorage\b109c0892e657aa4ac4fe18f0a49baf4\redhat.java         {manageable} {command line}
   size_t InitialHeapSize                          = 104857600                                 {product} {command line}
   size_t MaxHeapSize                              = 1073741824                                {product} {command line}
   size_t MaxNewSize                               = 357564416                                 {product} {ergonomic}
   size_t MinHeapDeltaBytes                        = 524288                                    {product} {ergonomic}
   size_t MinHeapSize                              = 104857600                                 {product} {command line}
   size_t NewSize                                  = 34603008                                  {product} {ergonomic}
    uintx NonNMethodCodeHeapSize                   = 7602480                                {pd product} {ergonomic}
    uintx NonProfiledCodeHeapSize                  = 122027880                              {pd product} {ergonomic}
   size_t OldSize                                  = 70254592                                  {product} {ergonomic}
    uintx ProfiledCodeHeapSize                     = 122027880                              {pd product} {ergonomic}
    uintx ReservedCodeCacheSize                    = 251658240                              {pd product} {ergonomic}
     bool SegmentedCodeCache                       = true                                      {product} {ergonomic}
   size_t SoftMaxHeapSize                          = 1073741824                             {manageable} {ergonomic}
     bool UseCompressedClassPointers               = true                           {product lp64_product} {ergonomic}
     bool UseCompressedOops                        = true                           {product lp64_product} {ergonomic}
     bool UseLargePagesIndividualAllocation        = false                                  {pd product} {ergonomic}
     bool UseParallelGC                            = true                                      {product} {command line}

Logging:
Log output configuration:
 #0: stdout all=off uptime,level,tags
 #1: stderr all=off uptime,level,tags

Environment Variables:
JAVA_HOME=C:\Program Files\Java\jdk-22
PATH=C:\Program Files\Java\jdk-22\bin;C:\Program Files\Common Files\Oracle\Java\javapath;C:\Windows\system32;C:\Windows;C:\Windows\System32\Wbem;C:\Windows\System32\WindowsPowerShell\v1.0\;C:\Windows\System32\OpenSSH\;C:\Program Files (x86)\NVIDIA Corporation\PhysX\Common;C:\Program Files\NVIDIA Corporation\NVIDIA NvDLISR;C:\WINDOWS\system32;C:\WINDOWS;C:\WINDOWS\System32\Wbem;C:\WINDOWS\System32\WindowsPowerShell\v1.0\;C:\WINDOWS\System32\OpenSSH\;C:\Program Files\Microsoft\Web Platform Installer\;C:\Program Files (x86)\Microsoft ASP.NET\ASP.NET Web Pages\v1.0\;C:\Program Files (x86)\Windows Kits\8.0\Windows Performance Toolkit\;C:\Program Files\Microsoft SQL Server\110\Tools\Binn\;C:\Program Files\Git\cmd;C:\src\flutter\bin;C:\Program Files\Java\jdk-22\bin;C:\Users\ACER NITRO\AppData\Local\Programs\Python\Python310\Scripts\;C:\Users\ACER NITRO\AppData\Local\Programs\Python\Python310\;C:\Users\ACER NITRO\AppData\Local\Microsoft\WindowsApps;D:\Microsoft VS Code\bin;C:\src\flutter\bin;
USERNAME=ACER NITRO
OS=Windows_NT
PROCESSOR_IDENTIFIER=Intel64 Family 6 Model 154 Stepping 3, GenuineIntel
TMP=C:\Users\ACERNI~1\AppData\Local\Temp
TEMP=C:\Users\ACERNI~1\AppData\Local\Temp



Periodic native trim disabled


---------------  S Y S T E M  ---------------

OS:
 Windows 11 , 64 bit Build 22621 (10.0.22621.3958)
OS uptime: 6 days 10:10 hours
Hyper-V role detected

CPU: total 16 (initial active 16) (8 cores per cpu, 2 threads per core) family 6 model 154 stepping 3 microcode 0x420, cx8, cmov, fxsr, ht, mmx, 3dnowpref, sse, sse2, sse3, ssse3, sse4.1, sse4.2, popcnt, lzcnt, tsc, tscinvbit, avx, avx2, aes, erms, clmul, bmi1, bmi2, adx, sha, fma, vzeroupper, clflush, clflushopt, clwb, hv
Processor Information for processor 0
  Max Mhz: 3100, Current Mhz: 3100, Mhz Limit: 3100
Processor Information for processor 1
  Max Mhz: 3100, Current Mhz: 3100, Mhz Limit: 3100
Processor Information for processor 2
  Max Mhz: 3100, Current Mhz: 3100, Mhz Limit: 3100
Processor Information for processor 3
  Max Mhz: 3100, Current Mhz: 3100, Mhz Limit: 3100
Processor Information for processor 4
  Max Mhz: 3100, Current Mhz: 1500, Mhz Limit: 3100
Processor Information for processor 5
  Max Mhz: 3100, Current Mhz: 3100, Mhz Limit: 3100
Processor Information for processor 6
  Max Mhz: 3100, Current Mhz: 3100, Mhz Limit: 3100
Processor Information for processor 7
  Max Mhz: 3100, Current Mhz: 3100, Mhz Limit: 3100
Processor Information for processor 8
  Max Mhz: 3100, Current Mhz: 2232, Mhz Limit: 2232
Processor Information for processor 9
  Max Mhz: 3100, Current Mhz: 2232, Mhz Limit: 2232
Processor Information for processor 10
  Max Mhz: 3100, Current Mhz: 2232, Mhz Limit: 2232
Processor Information for processor 11
  Max Mhz: 3100, Current Mhz: 2232, Mhz Limit: 2232
Processor Information for processor 12
  Max Mhz: 3100, Current Mhz: 2232, Mhz Limit: 2232
Processor Information for processor 13
  Max Mhz: 3100, Current Mhz: 2232, Mhz Limit: 2232
Processor Information for processor 14
  Max Mhz: 3100, Current Mhz: 1488, Mhz Limit: 2232
Processor Information for processor 15
  Max Mhz: 3100, Current Mhz: 2232, Mhz Limit: 2232

Memory: 4k page, system-wide physical 16088M (2348M free)
TotalPageFile size 23425M (AvailPageFile size 201M)
current process WorkingSet (physical memory assigned to process): 97M, peak: 97M
current process commit charge ("private bytes"): 227M, peak: 228M

vm_info: OpenJDK 64-Bit Server VM (17.0.12+7) for windows-amd64 JRE (17.0.12+7), built on Jul 16 2024 22:08:24 by "admin" with MS VC++ 16.10 / 16.11 (VS2019)

END.
